2018-09-14 14:59:15,331 ERROR [main] - System.err - [org.eclipse.jdt.launching] error can't determine modifiers of missing type org.eclipse.pde.internal.ui.wizards.imports.PluginImportHelper
when weaving type org.eclipse.jdt.launching.JavaRuntime
when weaving classes 
when weaving 
 [Xlint:cantFindType]
2018-09-14 15:01:08,145 ERROR [main] - System.err - [org.eclipse.jdt.debug] error can't determine modifiers of missing type org.eclipse.pde.internal.ui.wizards.imports.PluginImportHelper
when weaving type org.eclipse.jdt.debug.core.IJavaLineBreakpoint
when weaving classes 
when weaving 
 [Xlint:cantFindType]
2018-09-14 15:04:02,300 ERROR [main] - System.err - [org.eclipse.jdt.debug.ui] error can't determine modifiers of missing type org.eclipse.pde.internal.ui.wizards.imports.PluginImportHelper
when weaving type org.eclipse.jdt.internal.debug.ui.actions.RetargettableActionAdapterFactory
when weaving classes 
when weaving 
 [Xlint:cantFindType]
2018-09-14 15:04:35,183 ERROR [main] - System.err - [org.eclipse.jdt.junit] error can't determine modifiers of missing type org.eclipse.pde.internal.ui.wizards.imports.PluginImportHelper
when weaving type org.eclipse.jdt.internal.junit.ui.JUnitQuickFixProcessor
when weaving classes 
when weaving 
 [Xlint:cantFindType]
2018-09-17 16:25:30,499 ERROR [main] - System.err - [org.eclipse.jdt.launching] error can't determine modifiers of missing type org.eclipse.pde.internal.ui.wizards.imports.PluginImportHelper
when weaving type org.eclipse.jdt.launching.JavaRuntime
when weaving classes 
when weaving 
 [Xlint:cantFindType]
2018-09-17 16:26:35,099 ERROR [main] - System.err - [org.eclipse.jdt.debug.ui] error can't determine modifiers of missing type org.eclipse.pde.internal.ui.wizards.imports.PluginImportHelper
when weaving type org.eclipse.jdt.internal.debug.ui.actions.RetargettableActionAdapterFactory
when weaving classes 
when weaving 
 [Xlint:cantFindType]
2018-09-17 16:26:35,369 ERROR [main] - System.err - [org.eclipse.jdt.debug] error can't determine modifiers of missing type org.eclipse.pde.internal.ui.wizards.imports.PluginImportHelper
when weaving type org.eclipse.jdt.debug.core.IJavaHotCodeReplaceListener
when weaving classes 
when weaving 
 [Xlint:cantFindType]
2018-09-17 18:51:30,896 ERROR [main] - System.err - [org.eclipse.jdt.junit] error can't determine modifiers of missing type org.eclipse.pde.internal.ui.wizards.imports.PluginImportHelper
when weaving type org.eclipse.jdt.internal.junit.ui.JUnitQuickFixProcessor
when weaving classes 
when weaving 
 [Xlint:cantFindType]
2018-09-25 08:37:58,487 ERROR [main] - System.err - [org.eclipse.jdt.launching] error can't determine modifiers of missing type org.eclipse.pde.internal.ui.wizards.imports.PluginImportHelper
when weaving type org.eclipse.jdt.launching.JavaRuntime
when weaving classes 
when weaving 
 [Xlint:cantFindType]
2018-09-25 08:38:49,729 ERROR [main] - System.err - [org.eclipse.jdt.debug.ui] error can't determine modifiers of missing type org.eclipse.pde.internal.ui.wizards.imports.PluginImportHelper
when weaving type org.eclipse.jdt.internal.debug.ui.actions.RetargettableActionAdapterFactory
when weaving classes 
when weaving 
 [Xlint:cantFindType]
2018-09-25 08:38:49,995 ERROR [main] - System.err - [org.eclipse.jdt.debug] error can't determine modifiers of missing type org.eclipse.pde.internal.ui.wizards.imports.PluginImportHelper
when weaving type org.eclipse.jdt.debug.core.IJavaHotCodeReplaceListener
when weaving classes 
when weaving 
 [Xlint:cantFindType]
2018-09-25 16:01:31,463 ERROR [main] - System.err - [org.eclipse.jdt.junit] error can't determine modifiers of missing type org.eclipse.pde.internal.ui.wizards.imports.PluginImportHelper
when weaving type org.eclipse.jdt.internal.junit.ui.JUnitQuickFixProcessor
when weaving classes 
when weaving 
 [Xlint:cantFindType]
2018-09-26 11:32:04,585 ERROR [main] - System.err - [org.eclipse.jdt.launching] error can't determine modifiers of missing type org.eclipse.pde.internal.ui.wizards.imports.PluginImportHelper
when weaving type org.eclipse.jdt.launching.JavaRuntime
when weaving classes 
when weaving 
 [Xlint:cantFindType]
2018-09-26 11:33:44,405 ERROR [main] - System.err - [org.eclipse.jdt.junit] error can't determine modifiers of missing type org.eclipse.pde.internal.ui.wizards.imports.PluginImportHelper
when weaving type org.eclipse.jdt.internal.junit.ui.JUnitQuickFixProcessor
when weaving classes 
when weaving 
 [Xlint:cantFindType]
2018-09-26 11:34:43,854 ERROR [main] - System.err - [org.eclipse.jdt.debug.ui] error can't determine modifiers of missing type org.eclipse.pde.internal.ui.wizards.imports.PluginImportHelper
when weaving type org.eclipse.jdt.internal.debug.ui.actions.RetargettableActionAdapterFactory
when weaving classes 
when weaving 
 [Xlint:cantFindType]
2018-09-26 11:34:44,485 ERROR [main] - System.err - [org.eclipse.jdt.debug] error can't determine modifiers of missing type org.eclipse.pde.internal.ui.wizards.imports.PluginImportHelper
when weaving type org.eclipse.jdt.debug.core.IJavaHotCodeReplaceListener
when weaving classes 
when weaving 
 [Xlint:cantFindType]
2018-09-29 17:25:12,480 ERROR [main] - System.err - [org.eclipse.jdt.launching] error can't determine modifiers of missing type org.eclipse.pde.internal.ui.wizards.imports.PluginImportHelper
when weaving type org.eclipse.jdt.launching.JavaRuntime
when weaving classes 
when weaving 
 [Xlint:cantFindType]
2018-09-29 17:27:25,213 ERROR [Worker-8] - System.err - [org.eclipse.jdt.debug] error can't determine modifiers of missing type org.eclipse.pde.internal.ui.wizards.imports.PluginImportHelper
when weaving type org.eclipse.jdt.debug.core.JDIDebugModel
when weaving classes 
when weaving 
 [Xlint:cantFindType]
2018-09-29 17:27:26,409 ERROR [Worker-8] - System.err - [org.eclipse.jdt.debug.ui] error can't determine modifiers of missing type org.eclipse.pde.internal.ui.wizards.imports.PluginImportHelper
when weaving type org.eclipse.jdt.internal.debug.ui.console.JavaConsoleTracker
when weaving classes 
when weaving 
 [Xlint:cantFindType]
2018-09-29 17:28:34,236 ERROR [main] - System.err - [org.eclipse.jdt.junit] error can't determine modifiers of missing type org.eclipse.pde.internal.ui.wizards.imports.PluginImportHelper
when weaving type org.eclipse.jdt.internal.junit.ui.JUnitQuickFixProcessor
when weaving classes 
when weaving 
 [Xlint:cantFindType]
